#
# There is insufficient memory for the Java Runtime Environment to continue.
# Native memory allocation (mmap) failed to map 528482304 bytes. Error detail: G1 virtual space
# Possible reasons:
#   The system is out of physical RAM or swap space
#   This process is running with CompressedOops enabled, and the Java Heap may be blocking the growth of the native heap
# Possible solutions:
#   Reduce memory load on the system
#   Increase physical memory or swap space
#   Check if swap backing store is full
#   Decrease Java heap size (-Xmx/-Xms)
#   Decrease number of Java threads
#   Decrease Java thread stack sizes (-Xss)
#   Set larger code cache with -XX:ReservedCodeCacheSize=
#   JVM is running with Zero Based Compressed Oops mode in which the Java heap is
#     placed in the first 32GB address space. The Java Heap base address is the
#     maximum limit for the native heap growth. Please use -XX:HeapBaseMinAddress
#     to set the Java Heap base and to place the Java Heap above 32GB virtual address.
# This output file may be truncated or incomplete.
#
#  Out of Memory Error (os_windows.cpp:3618), pid=29280, tid=20008
#
# JRE version:  (17.0.16+8) (build )
# Java VM: OpenJDK 64-Bit Server VM (17.0.16+8-LTS, mixed mode, sharing, tiered, compressed oops, compressed class ptrs, g1 gc, windows-amd64)
# No core dump will be written. Minidumps are not enabled by default on client versions of Windows
#

---------------  S U M M A R Y ------------

Command Line: -Dnet.bytebuddy.agent.attacher.dump= -agentpath:C:\Program Files\SentinelOne\Sentinel Agent 25.1.4.434\SentinelJava64.dll=extendedCapabilities net.bytebuddy.agent.Attacher com.sun.tools.attach.VirtualMachine 5376 C:\Users\lmeyer\.gradle\caches\modules-2\files-2.1\net.bytebuddy\byte-buddy-agent\1.17.8\f09415827a71be7ed621c7bd02550678f28bc81c\byte-buddy-agent-1.17.8.jar false 

Host: Intel(R) Core(TM) Ultra 7 165H, 22 cores, 31G,  Windows 10 , 64 bit Build 19041 (10.0.19041.6807)
Time: Wed Apr 22 11:55:34 2026 Hora est. Pac璗ico, Sudam廨ica elapsed time: 0.027542 seconds (0d 0h 0m 0s)

---------------  T H R E A D  ---------------

Current thread (0x0000015e71d71ec0):  JavaThread "Unknown thread" [_thread_in_vm, id=20008, stack(0x0000005937b00000,0x0000005937c00000)]

Stack: [0x0000005937b00000,0x0000005937c00000]
Native frames: (J=compiled Java code, j=interpreted, Vv=VM code, C=native code)
V  [jvm.dll+0x681329]
V  [jvm.dll+0x838dda]
V  [jvm.dll+0x83a89e]
V  [jvm.dll+0x83af03]
V  [jvm.dll+0x2484af]
V  [jvm.dll+0x67e059]
V  [jvm.dll+0x672b2a]
V  [jvm.dll+0x30849b]
V  [jvm.dll+0x30f986]
V  [jvm.dll+0x35fcfe]
V  [jvm.dll+0x35ff3f]
V  [jvm.dll+0x2df44c]
V  [jvm.dll+0x2e03a4]
V  [jvm.dll+0x80a5cb]
V  [jvm.dll+0x36da71]
V  [jvm.dll+0x7e90b5]
V  [jvm.dll+0x3f175e]
V  [jvm.dll+0x3f32e1]
C  [InProcessClient64.dll+0x13728d]
C  [InProcessClient64.dll+0xd1427]
C  [InProcessClient64.dll+0xd1399]
C  [jli.dll+0x52ab]
C  [ucrtbase.dll+0x21bb2]
C  [KERNEL32.DLL+0x17374]
C  [ntdll.dll+0x4cc91]


---------------  P R O C E S S  ---------------

Threads class SMR info:
_java_thread_list=0x00007ffbd14c8f18, length=0, elements={
}

Java Threads: ( => current thread )

Other Threads:
  0x0000015e71d98770 GCTaskThread "GC Thread#0" [stack: 0x0000005937c00000,0x0000005937d00000] [id=34560]
  0x0000015e71d9d1f0 ConcurrentGCThread "G1 Main Marker" [stack: 0x0000005937d00000,0x0000005937e00000] [id=44020]
  0x0000015e71d9e430 ConcurrentGCThread "G1 Conc#0" [stack: 0x0000005937e00000,0x0000005937f00000] [id=28152]

[error occurred during error reporting (printing all threads), id 0xc0000005, EXCEPTION_ACCESS_VIOLATION (0xc0000005) at pc=0x00007ffbd0c7fb87]

VM state: not at safepoint (not fully initialized)

VM Mutex/Monitor currently owned by a thread:  ([mutex/lock_event])
[0x0000015e71d6a470] Heap_lock - owner thread: 0x0000015e71d71ec0

Heap address: 0x0000000608c00000, size: 8052 MB, Compressed Oops mode: Zero based, Oop shift amount: 3

CDS archive(s) mapped at: [0x0000000000000000-0x0000000000000000-0x0000000000000000), size 0, SharedBaseAddress: 0x0000000800000000, ArchiveRelocationMode: 1.
Narrow klass base: 0x0000000000000000, Narrow klass shift: 0, Narrow klass range: 0x0

GC Precious Log:
<Empty>

Heap:
 garbage-first heap   total 0K, used 0K [0x0000000608c00000, 0x0000000800000000)
  region size 4096K, 0 young (0K), 0 survivors (0K)

[error occurred during error reporting (printing heap information), id 0xc0000005, EXCEPTION_ACCESS_VIOLATION (0xc0000005) at pc=0x00007ffbd106a529]

GC Heap History (0 events):
No events

Dll operation events (1 events):
Event: 0.017 Loaded shared library C:\Program Files\Amazon Corretto\jdk17.0.16_8\bin\java.dll

Deoptimization events (0 events):
No events

Classes loaded (0 events):
No events

Classes unloaded (0 events):
No events

Classes redefined (0 events):
No events

Internal exceptions (0 events):
No events

VM Operations (0 events):
No events

Memory protections (0 events):
No events

Nmethod flushes (0 events):
No events

Events (0 events):
No events


Dynamic libraries:
0x00007ff7e3d90000 - 0x00007ff7e3d9e000 	C:\Program Files\Amazon Corretto\jdk17.0.16_8\bin\java.exe
0x0000015e6fad0000 - 0x0000015e6fcc8000 	C:\windows\SYSTEM32\ntd1l.dll
0x0000015e6f660000 - 0x0000015e6f722000 	C:\windows\System32\kern3l32.dll
0x00007ffcd9cd0000 - 0x00007ffcd9ec8000 	C:\windows\SYSTEM32\ntdll.dll
0x00007ffcd8840000 - 0x00007ffcd8902000 	C:\windows\System32\KERNEL32.DLL
0x00007ffcd79e0000 - 0x00007ffcd7cd7000 	C:\windows\System32\KERNELBASE.dll
0x00007ffcbeb90000 - 0x00007ffcbef6c000 	C:\Program Files\SentinelOne\Sentinel Agent 25.1.4.434\InProcessClient64.dll
0x00007ffcd8720000 - 0x00007ffcd87d1000 	C:\windows\System32\ADVAPI32.dll
0x00007ffcd8910000 - 0x00007ffcd89ae000 	C:\windows\System32\msvcrt.dll
0x00007ffcd7ce0000 - 0x00007ffcd7d7f000 	C:\windows\System32\sechost.dll
0x00007ffcd8a90000 - 0x00007ffcd8bb6000 	C:\windows\System32\RPCRT4.dll
0x00007ffcd77e0000 - 0x00007ffcd7807000 	C:\windows\System32\bcrypt.dll
0x00007ffcd7810000 - 0x00007ffcd7910000 	C:\windows\System32\ucrtbase.dll
0x00007ffcbeac0000 - 0x00007ffcbead7000 	C:\Program Files\Amazon Corretto\jdk17.0.16_8\bin\jli.dll
0x00007ffcd8340000 - 0x00007ffcd84dd000 	C:\windows\System32\USER32.dll
0x00007ffcbe950000 - 0x00007ffcbe96b000 	C:\Program Files\Amazon Corretto\jdk17.0.16_8\bin\VCRUNTIME140.dll
0x00007ffcd79b0000 - 0x00007ffcd79d2000 	C:\windows\System32\win32u.dll
0x00007ffcd9450000 - 0x00007ffcd947b000 	C:\windows\System32\GDI32.dll
0x00007ffcb7700000 - 0x00007ffcb799b000 	C:\windows\WinSxS\amd64_microsoft.windows.common-controls_6595b64144ccf1df_6.0.19041.6926_none_60b5a53971f8f7e6\COMCTL32.dll
0x00007ffcd7670000 - 0x00007ffcd778a000 	C:\windows\System32\gdi32full.dll
0x00007ffcd7910000 - 0x00007ffcd79ad000 	C:\windows\System32\msvcp_win.dll
0x00007ffcd6ce0000 - 0x00007ffcd6cea000 	C:\windows\SYSTEM32\VERSION.dll
0x00007ffcd6cd0000 - 0x00007ffcd6cdb000 	C:\windows\SYSTEM32\FLTLIB.DLL
0x00007ffcd93c0000 - 0x00007ffcd93ef000 	C:\windows\System32\IMM32.DLL
0x00007ffcbf630000 - 0x00007ffcbf63c000 	C:\Program Files\Amazon Corretto\jdk17.0.16_8\bin\vcruntime140_1.dll
0x00007ffc8b360000 - 0x00007ffc8b3ed000 	C:\Program Files\Amazon Corretto\jdk17.0.16_8\bin\msvcp140.dll
0x00007ffbd0990000 - 0x00007ffbd15fc000 	C:\Program Files\Amazon Corretto\jdk17.0.16_8\bin\server\jvm.dll
0x00007ffcd8bc0000 - 0x00007ffcd8c2b000 	C:\windows\System32\WS2_32.dll
0x00007ffcd6450000 - 0x00007ffcd649b000 	C:\windows\SYSTEM32\POWRPROF.dll
0x00007ffcd4a00000 - 0x00007ffcd4a27000 	C:\windows\SYSTEM32\WINMM.dll
0x00007ffcd6310000 - 0x00007ffcd6322000 	C:\windows\SYSTEM32\UMPDC.dll
0x00007ffcd5470000 - 0x00007ffcd5482000 	C:\windows\SYSTEM32\kernel.appcore.dll
0x00007ffcbf310000 - 0x00007ffcbf31a000 	C:\Program Files\Amazon Corretto\jdk17.0.16_8\bin\jimage.dll
0x00007ffcd4750000 - 0x00007ffcd4951000 	C:\windows\SYSTEM32\DBGHELP.DLL
0x00007ffcd49c0000 - 0x00007ffcd49f4000 	C:\windows\SYSTEM32\dbgcore.DLL
0x00007ffcd7530000 - 0x00007ffcd75b2000 	C:\windows\System32\bcryptPrimitives.dll
0x00007ffcbf3f0000 - 0x00007ffcbf490000 	C:\Program Files\SentinelOne\Sentinel Agent 25.1.4.434\SentinelJava64.dll
0x00007ffcd85f0000 - 0x00007ffcd871b000 	C:\windows\System32\ole32.dll
0x00007ffcd97c0000 - 0x00007ffcd9b13000 	C:\windows\System32\combase.dll
0x00007ffcbd530000 - 0x00007ffcbd555000 	C:\Program Files\Amazon Corretto\jdk17.0.16_8\bin\java.dll

dbghelp: loaded successfully - version: 4.0.5 - missing functions: none
symbol engine: initialized successfully - sym options: 0x614 - pdb path: .;C:\Program Files\Amazon Corretto\jdk17.0.16_8\bin;C:\windows\SYSTEM32;C:\Program Files\SentinelOne\Sentinel Agent 25.1.4.434;C:\windows\WinSxS\amd64_microsoft.windows.common-controls_6595b64144ccf1df_6.0.19041.6926_none_60b5a53971f8f7e6;C:\Program Files\Amazon Corretto\jdk17.0.16_8\bin\server

VM Arguments:
jvm_args: -Dnet.bytebuddy.agent.attacher.dump= -agentpath:C:\Program Files\SentinelOne\Sentinel Agent 25.1.4.434\SentinelJava64.dll=extendedCapabilities 
java_command: net.bytebuddy.agent.Attacher com.sun.tools.attach.VirtualMachine 5376 C:\Users\lmeyer\.gradle\caches\modules-2\files-2.1\net.bytebuddy\byte-buddy-agent\1.17.8\f09415827a71be7ed621c7bd02550678f28bc81c\byte-buddy-agent-1.17.8.jar false 
java_class_path (initial): C:\Users\lmeyer\.gradle\caches\modules-2\files-2.1\net.bytebuddy\byte-buddy-agent\1.17.8\f09415827a71be7ed621c7bd02550678f28bc81c\byte-buddy-agent-1.17.8.jar
Launcher Type: SUN_STANDARD

[Global flags]
     intx CICompilerCount                          = 12                                        {product} {ergonomic}
     uint ConcGCThreads                            = 4                                         {product} {ergonomic}
     uint G1ConcRefinementThreads                  = 16                                        {product} {ergonomic}
   size_t G1HeapRegionSize                         = 4194304                                   {product} {ergonomic}
    uintx GCDrainStackTargetSize                   = 64                                        {product} {ergonomic}
   size_t InitialHeapSize                          = 528482304                                 {product} {ergonomic}
   size_t MarkStackSize                            = 4194304                                   {product} {ergonomic}
   size_t MaxHeapSize                              = 8443133952                                {product} {ergonomic}
   size_t MinHeapDeltaBytes                        = 4194304                                   {product} {ergonomic}
   size_t MinHeapSize                              = 8388608                                   {product} {ergonomic}
    uintx NonNMethodCodeHeapSize                   = 7602480                                {pd product} {ergonomic}
    uintx NonProfiledCodeHeapSize                  = 122027880                              {pd product} {ergonomic}
    uintx ProfiledCodeHeapSize                     = 122027880                              {pd product} {ergonomic}
    uintx ReservedCodeCacheSize                    = 251658240                              {pd product} {ergonomic}
     bool SegmentedCodeCache                       = true                                      {product} {ergonomic}
   size_t SoftMaxHeapSize                          = 8443133952                             {manageable} {ergonomic}
     bool UseCompressedClassPointers               = true                           {product lp64_product} {ergonomic}
     bool UseCompressedOops                        = true                           {product lp64_product} {ergonomic}
     bool UseG1GC                                  = true                                      {product} {ergonomic}
     bool UseLargePagesIndividualAllocation        = false                                  {pd product} {ergonomic}

Logging:
Log output configuration:
 #0: stdout all=warning uptime,level,tags
 #1: stderr all=off uptime,level,tags

Environment Variables:
JAVA_HOME=C:\Program Files\Amazon Corretto\jdk17.0.16_8
PATH=C:\Program Files\Amazon Corretto\jdk17.0.16_8\bin;C:\Program Files\Amazon Corretto\jdk11.0.28_6\bin;C:\Program Files\Amazon Corretto\jre8\bin;C:\Program Files\Amazon Corretto\jdk1.8.0_462\bin;C:\Program Files\Common Files\Oracle\Java\javapath;C:\Program Files (x86)\Common Files\Oracle\Java\java8path;C:\Program Files (x86)\Common Files\Oracle\Java\javapath;C:\windows\system32;C:\windows;C:\windows\System32\Wbem;C:\windows\System32\WindowsPowerShell\v1.0\;C:\windows\System32\OpenSSH\;C:\Program Files\Microsoft VS Code\bin;C:\Program Files\Git\cmd;C:\Program Files\nodejs\;C:\Program Files\Amazon\AWSCLIV2\;C:\Users\lmeyer\AppData\Local\Microsoft\WindowsApps;C:\Users\lmeyer\AppData\Local\GitHubDesktop\bin;C:\Program Files\jfrog\;C:\Users\lmeyer\jfrog\;
USERNAME=lmeyer
OS=Windows_NT
PROCESSOR_IDENTIFIER=Intel64 Family 6 Model 170 Stepping 4, GenuineIntel
TMP=C:\Users\lmeyer\AppData\Local\Temp
TEMP=C:\Users\lmeyer\AppData\Local\Temp



Periodic native trim disabled


---------------  S Y S T E M  ---------------

OS:
 Windows 10 , 64 bit Build 19041 (10.0.19041.6807)
OS uptime: 16 days 4:36 hours

CPU: total 22 (initial active 22) (11 cores per cpu, 2 threads per core) family 6 model 170 stepping 4 microcode 0x1c, cx8, cmov, fxsr, ht, mmx, 3dnowpref, sse, sse2, sse3, ssse3, sse4.1, sse4.2, popcnt, lzcnt, tsc, tscinvbit, avx, avx2, aes, erms, clmul, bmi1, bmi2, adx, sha, fma, vzeroupper, clflush, clflushopt, clwb
Processor Information for processor 0
  Max Mhz: 1400, Current Mhz: 1400, Mhz Limit: 1400
Processor Information for processor 1
  Max Mhz: 1400, Current Mhz: 1400, Mhz Limit: 1400
Processor Information for processor 2
  Max Mhz: 900, Current Mhz: 900, Mhz Limit: 900
Processor Information for processor 3
  Max Mhz: 900, Current Mhz: 900, Mhz Limit: 900
Processor Information for processor 4
  Max Mhz: 900, Current Mhz: 900, Mhz Limit: 900
Processor Information for processor 5
  Max Mhz: 900, Current Mhz: 900, Mhz Limit: 900
Processor Information for processor 6
  Max Mhz: 900, Current Mhz: 900, Mhz Limit: 900
Processor Information for processor 7
  Max Mhz: 900, Current Mhz: 900, Mhz Limit: 900
Processor Information for processor 8
  Max Mhz: 900, Current Mhz: 900, Mhz Limit: 900
Processor Information for processor 9
  Max Mhz: 900, Current Mhz: 900, Mhz Limit: 900
Processor Information for processor 10
  Max Mhz: 1400, Current Mhz: 1400, Mhz Limit: 1400
Processor Information for processor 11
  Max Mhz: 1400, Current Mhz: 1400, Mhz Limit: 1400
Processor Information for processor 12
  Max Mhz: 1400, Current Mhz: 1400, Mhz Limit: 1400
Processor Information for processor 13
  Max Mhz: 1400, Current Mhz: 1400, Mhz Limit: 1400
Processor Information for processor 14
  Max Mhz: 1400, Current Mhz: 1400, Mhz Limit: 1400
Processor Information for processor 15
  Max Mhz: 1400, Current Mhz: 1400, Mhz Limit: 1400
Processor Information for processor 16
  Max Mhz: 1400, Current Mhz: 1400, Mhz Limit: 1400
Processor Information for processor 17
  Max Mhz: 1400, Current Mhz: 1400, Mhz Limit: 1400
Processor Information for processor 18
  Max Mhz: 1400, Current Mhz: 1400, Mhz Limit: 1400
Processor Information for processor 19
  Max Mhz: 1400, Current Mhz: 1400, Mhz Limit: 1400
Processor Information for processor 20
  Max Mhz: 700, Current Mhz: 700, Mhz Limit: 700
Processor Information for processor 21
  Max Mhz: 700, Current Mhz: 700, Mhz Limit: 700

Memory: 4k page, system-wide physical 32201M (4169M free)
TotalPageFile size 56588M (AvailPageFile size 443M)
current process WorkingSet (physical memory assigned to process): 19M, peak: 19M
current process commit charge ("private bytes"): 81M, peak: 585M

vm_info: OpenJDK 64-Bit Server VM (17.0.16+8-LTS) for windows-amd64 JRE (17.0.16+8-LTS), built on Jul  9 2025 19:25:12 by "Administrator" with MS VC++ 16.10 / 16.11 (VS2019)

END.
